#
# There is insufficient memory for the Java Runtime Environment to continue.
# Native memory allocation (malloc) failed to allocate 1048576 bytes for AllocateHeap
# Possible reasons:
#   The system is out of physical RAM or swap space
#   The process is running with CompressedOops enabled, and the Java Heap may be blocking the growth of the native heap
# Possible solutions:
#   Reduce memory load on the system
#   Increase physical memory or swap space
#   Check if swap backing store is full
#   Decrease Java heap size (-Xmx/-Xms)
#   Decrease number of Java threads
#   Decrease Java thread stack sizes (-Xss)
#   Set larger code cache with -XX:ReservedCodeCacheSize=
#   JVM is running with Unscaled Compressed Oops mode in which the Java heap is
#     placed in the first 4GB address space. The Java Heap base address is the
#     maximum limit for the native heap growth. Please use -XX:HeapBaseMinAddress
#     to set the Java Heap base and to place the Java Heap above 4GB virtual address.
# This output file may be truncated or incomplete.
#
#  Out of Memory Error (memory/allocation.inline.hpp:61), pid=15008, tid=0x00000000000030e4
#
# JRE version:  (8.0_242-b01) (build )
# Java VM: OpenJDK 64-Bit Server VM (25.242-b01 mixed mode windows-amd64 compressed oops)
# Failed to write core dump. Minidumps are not enabled by default on client versions of Windows
#

---------------  T H R E A D  ---------------

Current thread (0x0000000002b62800):  JavaThread "Unknown thread" [_thread_in_vm, id=12516, stack(0x00000000029e0000,0x0000000002ae0000)]

Stack: [0x00000000029e0000,0x0000000002ae0000]
[error occurred during error reporting (printing stack bounds), id 0xc0000005]

Native frames: (J=compiled Java code, j=interpreted, Vv=VM code, C=native code)


---------------  P R O C E S S  ---------------

Java Threads: ( => current thread )

Other Threads:

=>0x0000000002b62800 (exited) JavaThread "Unknown thread" [_thread_in_vm, id=12516, stack(0x00000000029e0000,0x0000000002ae0000)]

VM state:not at safepoint (normal execution)

VM Mutex/Monitor currently owned by a thread: None

heap address: 0x0000000081e00000, size: 2018 MB, Compressed Oops mode: 32-bit
Narrow klass base: 0x0000000000000000, Narrow klass shift: 3
Compressed class space size: 1073741824 Address: 0x0000000100000000

Heap:
 PSYoungGen      total 38400K, used 665K [0x00000000d5f80000, 0x00000000d8a00000, 0x0000000100000000)
  eden space 33280K, 2% used [0x00000000d5f80000,0x00000000d6026670,0x00000000d8000000)
  from space 5120K, 0% used [0x00000000d8500000,0x00000000d8500000,0x00000000d8a00000)
  to   space 5120K, 0% used [0x00000000d8000000,0x00000000d8000000,0x00000000d8500000)
 ParOldGen       total 87552K, used 0K [0x0000000081e00000, 0x0000000087380000, 0x00000000d5f80000)
  object space 87552K, 0% used [0x0000000081e00000,0x0000000081e00000,0x0000000087380000)
 Metaspace       used 779K, capacity 4480K, committed 4480K, reserved 1056768K
  class space    used 74K, capacity 384K, committed 384K, reserved 1048576K

Card table byte_map: [0x0000000012020000,0x0000000012420000] byte_map_base: 0x0000000011c11000

Marking Bits: (ParMarkBitMap*) 0x000000006669f030
 Begin Bits: [0x0000000012ed0000, 0x0000000014e58000)
 End Bits:   [0x0000000014e58000, 0x0000000016de0000)

Polling page: 0x0000000000b70000

CodeCache: size=245760Kb used=328Kb max_used=328Kb free=245431Kb
 bounds [0x0000000002c60000, 0x0000000002ed0000, 0x0000000011c60000]
 total_blobs=57 nmethods=0 adapters=38
 compilation: enabled

Compilation events (0 events):
No events

GC Heap History (0 events):
No events

Deoptimization events (0 events):
No events

Classes redefined (0 events):
No events

Internal exceptions (0 events):
No events

Events (10 events):
Event: 0.032 loading class java/lang/Short
Event: 0.032 loading class java/lang/Short done
Event: 0.032 loading class java/lang/Integer
Event: 0.033 loading class java/lang/Integer done
Event: 0.033 loading class java/lang/Long
Event: 0.033 loading class java/lang/Long done
Event: 0.033 loading class java/lang/NullPointerException
Event: 0.033 loading class java/lang/NullPointerException done
Event: 0.033 loading class java/lang/ArithmeticException
Event: 0.033 loading class java/lang/ArithmeticException done


Dynamic libraries:
0x00007ff765340000 - 0x00007ff765371000 	E:\Android\Android Studio\jre\jre\bin\java.exe
0x00007ff9a3de0000 - 0x00007ff9a3fd0000 	C:\WINDOWS\SYSTEM32\ntdll.dll
0x00007ff9a2040000 - 0x00007ff9a20f2000 	C:\WINDOWS\System32\KERNEL32.DLL
0x00007ff9a10f0000 - 0x00007ff9a1393000 	C:\WINDOWS\System32\KERNELBASE.dll
0x00007ff9a24d0000 - 0x00007ff9a2573000 	C:\WINDOWS\System32\ADVAPI32.dll
0x00007ff9a2700000 - 0x00007ff9a279e000 	C:\WINDOWS\System32\msvcrt.dll
0x00007ff9a2660000 - 0x00007ff9a26f7000 	C:\WINDOWS\System32\sechost.dll
0x00007ff9a2350000 - 0x00007ff9a2470000 	C:\WINDOWS\System32\RPCRT4.dll
0x00007ff9a2c10000 - 0x00007ff9a2da4000 	C:\WINDOWS\System32\USER32.dll
0x00007ff9a0e70000 - 0x00007ff9a0e91000 	C:\WINDOWS\System32\win32u.dll
0x00007ff9a3470000 - 0x00007ff9a3496000 	C:\WINDOWS\System32\GDI32.dll
0x00007ff9a1b20000 - 0x00007ff9a1cb4000 	C:\WINDOWS\System32\gdi32full.dll
0x00007ff9a0fa0000 - 0x00007ff9a103e000 	C:\WINDOWS\System32\msvcp_win.dll
0x00007ff9a0d70000 - 0x00007ff9a0e6a000 	C:\WINDOWS\System32\ucrtbase.dll
0x00007ff997ce0000 - 0x00007ff997f65000 	C:\WINDOWS\WinSxS\amd64_microsoft.windows.common-controls_6595b64144ccf1df_6.0.18362.592_none_e6c0b1911312be02\COMCTL32.dll
0x00007ff9a2fc0000 - 0x00007ff9a32f6000 	C:\WINDOWS\System32\combase.dll
0x00007ff9a1070000 - 0x00007ff9a10f0000 	C:\WINDOWS\System32\bcryptPrimitives.dll
0x00007ff9a2100000 - 0x00007ff9a212e000 	C:\WINDOWS\System32\IMM32.DLL
0x0000000065df0000 - 0x0000000065ec2000 	E:\Android\Android Studio\jre\jre\bin\msvcr100.dll
0x0000000065ed0000 - 0x000000006671b000 	E:\Android\Android Studio\jre\jre\bin\server\jvm.dll
0x00007ff9a3300000 - 0x00007ff9a3308000 	C:\WINDOWS\System32\PSAPI.DLL
0x00007ff981be0000 - 0x00007ff981be9000 	C:\WINDOWS\SYSTEM32\WSOCK32.dll
0x00007ff99b1e0000 - 0x00007ff99b1ea000 	C:\WINDOWS\SYSTEM32\VERSION.dll
0x00007ff99dee0000 - 0x00007ff99df04000 	C:\WINDOWS\SYSTEM32\WINMM.dll
0x00007ff9a2210000 - 0x00007ff9a227f000 	C:\WINDOWS\System32\WS2_32.dll
0x00007ff99deb0000 - 0x00007ff99dedd000 	C:\WINDOWS\SYSTEM32\WINMMBASE.dll
0x00007ff9a0ea0000 - 0x00007ff9a0eea000 	C:\WINDOWS\System32\cfgmgr32.dll
0x00007ff99d5a0000 - 0x00007ff99d5af000 	E:\Android\Android Studio\jre\jre\bin\verify.dll
0x00007ff99d570000 - 0x00007ff99d599000 	E:\Android\Android Studio\jre\jre\bin\java.dll
0x00007ff99d550000 - 0x00007ff99d566000 	E:\Android\Android Studio\jre\jre\bin\zip.dll

VM Arguments:
java_command: org.jetbrains.git4idea.http.GitAskPassApp Username for 'https://github.com': 
java_class_path (initial): E:/Android/Android Studio/plugins/git4idea/lib/git4idea-rt.jar;E:/Android/Android Studio/lib/xmlrpc-2.0.1.jar;E:/Android/Android Studio/lib/commons-codec-1.14.jar;E:/Android/Android Studio/lib/util.jar
Launcher Type: SUN_STANDARD

Environment Variables:
JAVA_HOME=C:\Program Files\Java\jdk-12.0.2
PATH=E:\Git\mingw64\libexec\git-core;E:\Git\mingw64\libexec\git-core;E:\Git\mingw64\bin;E:\Git\usr\bin;C:\Users\admin\bin;C:\Program Files (x86)\Common Files\Oracle\Java\javapath;E:\VMware\VMware Workstation\bin;C:\Program Files\Microsoft MPI\Bin;E:\bb6\Bin;E:\bb6\Projects\Bpl;C:\Program Files\Java\jdk-12.0.2\bin;C:\WINDOWS\system32;C:\WINDOWS;C:\WINDOWS\System32\Wbem;C:\WINDOWS\System32\WindowsPowerShell\v1.0;C:\WINDOWS\System32\OpenSSH;C:\Program Files (x86)\NVIDIA Corporation\PhysX\Common;D:\GIT & GitHub\Git LFS;C:\Program Files\Git LFS;E:\Git\cmd;C:\Program Files\Java\jdk-12.0.2\bin;E:\Tools\apache-maven-3.6.1\bin;C:\MinGW\bin;C:\WINDOWS\system32;C:\WINDOWS;C:\WINDOWS\System32\Wbem;C:\WINDOWS\System32\WindowsPowerShell\v1.0;C:\WINDOWS\System32\OpenSSH;C:\Program Files\Microsoft SQL Server\130\Tools\Binn;C:\Program Files\Microsoft SQL Server\Client SDK\ODBC\170\Tools\Binn;C:\Program Files (x86)\Microsoft SQL Server\140\Tools\Binn;C:\Program Files\Microsoft SQL Server\140\Tools\Binn;C:\Program Files (x86)\Microsoft SQL Server\140\DTS\Binn;C:\Program Files\Microsoft SQL Server\140\DTS\Binn;C:\Program Files\Microsoft SQL Server\Client SDK\ODBC\130\Tools\Binn;C:\Program Files (x86)\Microsoft SQL Server\110\DTS\Binn;C:\Program Files (x86)\Microsoft SQL Server\120\DTS\Binn;C:\Program Files (x86)\Microsoft SQL Server\130\DTS\Binn;C:\Program Files (x86)\Microsoft SQL Server\150\DTS\Binn;E:\Tools\PostgreSQL\12\bin;E:\Tools\PostgreSQL\12\lib;C:\Program Files\dotnet;C:\Users\admin\AppData\Local\Microsoft\WindowsApps;C:\Users\admin\AppData\Local\atom\bin;E:\New folder (2)\PyCharm Community Edition 2019.2.1\bin;%CLion%;E:\New folder (2)\Microsoft VS Code\bin;C:\Users\admin\AppData\Local\Microsoft\WindowsApps;C:\Program Files\Java\jdk-12.0.2\bin;C:\Users\admin\AppData\Local\GitHubDesktop\bin;E:\PyCharm 2020.1\bin;E:\heroku\bin;C:\Users\admin\.dotnet\tools
USERNAME=admin
DISPLAY=:0.0
OS=Windows_NT
PROCESSOR_IDENTIFIER=Intel64 Family 6 Model 142 Stepping 10, GenuineIntel



---------------  S Y S T E M  ---------------

OS: Windows 10.0 , 64 bit Build 18362 (10.0.18362.329)

CPU:total 8 (initial active 8) (4 cores per cpu, 2 threads per core) family 6 model 142 stepping 10, cmov, cx8, fxsr, mmx, sse, sse2, sse3, ssse3, sse4.1, sse4.2, popcnt, avx, avx2, aes, clmul, erms, 3dnowpref, lzcnt, ht, tsc, tscinvbit, bmi1, bmi2, adx

Memory: 4k page, physical 8261220k(424116k free), swap 14552676k(5248k free)

vm_info: OpenJDK 64-Bit Server VM (25.242-b01) for windows-amd64 JRE (1.8.0_242-release-1644-b01), built by "builder" with MS VC++ 10.0 (VS2010)

time: Mon Apr 26 17:24:16 2021
timezone: E. Europe Daylight Time
elapsed time: 0 seconds (0d 0h 0m 0s)

